<?xml version="1.0" encoding="UTF-8"?>
<Site BuildName="(empty)"
	BuildStamp="20240813-0742-Experimental"
	Name="(empty)"
	Generator="ctest-3.30.1"
	CompilerName=""
	CompilerVersion=""
	OSName="Windows"
	Hostname="DESKTOP-8U91L3N"
	OSRelease=" Professional"
	OSVersion=" (Build 19045)"
	OSPlatform="AMD64"
	Is64Bits="1"
	VendorString="GenuineIntel"
	VendorID="Intel Corporation"
	FamilyID="6"
	ModelID="13"
	ProcessorCacheSize="-1"
	NumberOfLogicalCPU="4"
	NumberOfPhysicalCPU="2"
	TotalVirtualMemory="12967"
	TotalPhysicalMemory="8103"
	LogicalProcessorsPerPhysical="2"
	ProcessorClockFrequency="2194"
	>
	<Testing>
		<StartDateTime>Aug 13 22:25 W. Europe Daylight Time</StartDateTime>
		<StartTestTime>1723580703</StartTestTime>
		<TestList/>
		<EndDateTime>Aug 13 22:25 W. Europe Daylight Time</EndDateTime>
		<EndTestTime>1723580703</EndTestTime>
		<ElapsedMinutes>0</ElapsedMinutes>
	</Testing>
</Site>
